<?xml version="1.0" encoding="UTF-8"?>
<!-- Generated by org.testng.reporters.JUnitXMLReporter -->
<testsuite hostname="Levon-Matevosyans-MacBookPro.local" name="Command line test" tests="23" failures="1" timestamp="23 Jul 2017 18:22:19 GMT" time="2.037" errors="0">
  <testcase name="ValidCountryARM" time="0.793" classname="TestCases.CountryTest"/>
  <testcase name="ValidCountryGBR" time="0.033" classname="TestCases.CountryTest"/>
  <testcase name="invalidCountryNegative" time="0.141" classname="TestCases.CountryTest"/>
  <testcase name="testDefaultCountry" time="0.074" classname="TestCases.CountryTest">
    <failure type="java.lang.AssertionError" message="Verify country of origin is US in all results expected [USA] but found [SA]">
      <![CDATA[java.lang.AssertionError: Verify country of origin is US in all results expected [USA] but found [SA]
	at TestCases.CountryTest.testDefaultCountry(CountryTest.java:21)
... Removed 39 stack frames]]>
    </failure>
  </testcase> <!-- testDefaultCountry -->
  <testcase name="TestDefaultLimit" time="0.135" classname="TestCases.LimitCountTest"/>
  <testcase name="TestLimit0_Negative" time="0.09" classname="TestCases.LimitCountTest"/>
  <testcase name="testLimit1" time="0.065" classname="TestCases.LimitCountTest"/>
  <testcase name="testLimit200" time="0.131" classname="TestCases.LimitCountTest"/>
  <testcase name="testLimitCount20" time="0.095" classname="TestCases.LimitCountTest"/>
  <testcase name="testAudiobookMedia" time="0.028" classname="TestCases.MediaTest"/>
  <testcase name="testDefaultMovie" time="0.037" classname="TestCases.MediaTest"/>
  <testcase name="testDefaultMusicBand" time="0.026" classname="TestCases.MediaTest"/>
  <testcase name="testDefaultSong" time="0.032" classname="TestCases.MediaTest"/>
  <testcase name="testEbookMedia" time="0.017" classname="TestCases.MediaTest"/>
  <testcase name="testGenreBasedOnMedia" time="0.017" classname="TestCases.MediaTest"/>
  <testcase name="testMovieMedia" time="0.019" classname="TestCases.MediaTest"/>
  <testcase name="testPodCastMedia" time="0.017" classname="TestCases.MediaTest"/>
  <testcase name="testShortFilmMedia" time="0.025" classname="TestCases.MediaTest"/>
  <testcase name="testSoftwareMedia" time="0.026" classname="TestCases.MediaTest"/>
  <testcase name="testTvShowMedia" time="0.017" classname="TestCases.MediaTest"/>
  <testcase name="responseTermCountry" time="0.076" classname="TestCases.ResponseStatusCodeTest"/>
  <testcase name="responseTermCountryMedia" time="0.059" classname="TestCases.ResponseStatusCodeTest"/>
  <testcase name="responseTermCountryMedialimit" time="0.027" classname="TestCases.ResponseStatusCodeTest"/>
</testsuite> <!-- Command line test -->
