<?xml version="1.0" encoding="UTF-8"?>
<testsuite name="TestSuite" time="1.983" tests="23" errors="0" skipped="0" failures="1">
  <properties>
[...]
</properties>
  <testcase name="ValidCountryARM" classname="TestCases.CountryTest" time="0.792"/>
  <testcase name="ValidCountryGBR" classname="TestCases.CountryTest" time="0.032"/>
  <testcase name="invalidCountryNegative" classname="TestCases.CountryTest" time="0.141"/>
  <testcase name="testDefaultCountry" classname="TestCases.CountryTest" time="0.081">
    <failure message="Verify country of origin is US in all results expected [USA] but found [SA]" type="java.lang.AssertionError">java.lang.AssertionError: Verify country of origin is US in all results expected [USA] but found [SA]
	at org.testng.Assert.fail(Assert.java:94)
	at org.testng.Assert.failNotEquals(Assert.java:513)
	at org.testng.Assert.assertEqualsImpl(Assert.java:135)
	at org.testng.Assert.assertEquals(Assert.java:116)
	at org.testng.Assert.assertEquals(Assert.java:190)
	at TestCases.CountryTest.testDefaultCountry(CountryTest.java:21)
</failure>
  </testcase>
  <testcase name="TestDefaultLimit" classname="TestCases.LimitCountTest" time="0.135"/>
  <testcase name="TestLimit0_Negative" classname="TestCases.LimitCountTest" time="0.089"/>
  <testcase name="testLimit1" classname="TestCases.LimitCountTest" time="0.065"/>
  <testcase name="testLimit200" classname="TestCases.LimitCountTest" time="0.131"/>
  <testcase name="testLimitCount20" classname="TestCases.LimitCountTest" time="0.094"/>
  <testcase name="testAudiobookMedia" classname="TestCases.MediaTest" time="0.028"/>
  <testcase name="testDefaultMovie" classname="TestCases.MediaTest" time="0.037"/>
  <testcase name="testDefaultMusicBand" classname="TestCases.MediaTest" time="0.027"/>
  <testcase name="testDefaultSong" classname="TestCases.MediaTest" time="0.032"/>
  <testcase name="testEbookMedia" classname="TestCases.MediaTest" time="0.017"/>
  <testcase name="testGenreBasedOnMedia" classname="TestCases.MediaTest" time="0.017"/>
  <testcase name="testMovieMedia" classname="TestCases.MediaTest" time="0.019"/>
  <testcase name="testPodCastMedia" classname="TestCases.MediaTest" time="0.017"/>
  <testcase name="testShortFilmMedia" classname="TestCases.MediaTest" time="0.025"/>
  <testcase name="testSoftwareMedia" classname="TestCases.MediaTest" time="0.026"/>
  <testcase name="testTvShowMedia" classname="TestCases.MediaTest" time="0.016"/>
  <testcase name="responseTermCountry" classname="TestCases.ResponseStatusCodeTest" time="0.077"/>
  <testcase name="responseTermCountryMedia" classname="TestCases.ResponseStatusCodeTest" time="0.059"/>
  <testcase name="responseTermCountryMedialimit" classname="TestCases.ResponseStatusCodeTest" time="0.026"/>
</testsuite>